<?xml version="1.0" encoding="UTF-8"?>
<testsuites name="TESTsuite32" time="29" tests="1" failures="0" errors="0">
   <testsuite name="TESTsuite32" tests="1" failures="0" errors="0" time="29" timestamp="2018-07-26 15:07:31" hostname="slk - WSLK1FFTRFW-18" id="Test Suites/TESTsuite32">
      <properties>
         <property name="deviceName" value=""/>
         <property name="devicePlatform" value=""/>
         <property name="logFolder" value="C:\\Users\\slk.WSLK1FFTRFW-18.004\\Katalon Studio\\Demo_SLKM\\Reports\\TESTsuite32\\20180726_150729"/>
         <property name="logFiles" value="C:\\Users\\slk.WSLK1FFTRFW-18.004\\Katalon Studio\\Demo_SLKM\\Reports\\TESTsuite32\\20180726_150729\\execution0.log"/>
         <property name="attachments" value=""/>
         <property name="hostName" value="slk - WSLK1FFTRFW-18"/>
         <property name="os" value="Windows 7 64bit"/>
         <property name="katalonVersion" value="5.5.0.1"/>
         <property name="browser" value="Chrome 67.0.3396.99"/>
         <property name="hostAddress" value="10.10.10.27"/>
         <property name="sessionId" value="f00a6b6d739ddc65a21289b7f52fa07e"/>
         <property name="seleniumVersion" value="3.7.1"/>
         <property name="proxyInformation" value="ProxyInformation{proxyOption=NO_PROXY, proxyServerType=HTTP, password=, proxyServerAddress=, proxyServerPort=0}"/>
         <property name="platform" value="Windows 7"/>
      </properties>
      <testcase name="Test Cases/DAY3/Test32" classname="Test Cases/DAY3/Test32" status="PASSED">
         <system-out><![CDATA[2018-07-26 15:07:31 - [TEST_CASE][PASSED] - Test Cases/DAY3/Test32: Test Cases/DAY3/Test32

2018-07-26 15:07:31 - [TEST_STEP][PASSED] - openBrowser: Browser is opened with url: ''

2018-07-26 15:07:55 - [MESSAGE][PASSED] - Browser is opened with url: ''

2018-07-26 15:07:55 - [TEST_STEP][PASSED] - navigateToUrl: Navigate to 'http://demoaut.katalon.com/' successfully

2018-07-26 15:07:57 - [MESSAGE][PASSED] - Navigate to 'http://demoaut.katalon.com/' successfully

2018-07-26 15:07:57 - [TEST_STEP][PASSED] - click: Object: 'Object Repository/Day3test2/Page_CURA Healthcare Service/a_Make Appointment' is clicked on

2018-07-26 15:07:58 - [MESSAGE][PASSED] - Object: 'Object Repository/Day3test2/Page_CURA Healthcare Service/a_Make Appointment' is clicked on

2018-07-26 15:07:58 - [TEST_STEP][PASSED] - setText: Text 'John Doe' is set on object 'Object Repository/Day3test2/Page_CURA Healthcare Service/input_username'

2018-07-26 15:07:58 - [MESSAGE][PASSED] - Text 'John Doe' is set on object 'Object Repository/Day3test2/Page_CURA Healthcare Service/input_username'

2018-07-26 15:07:58 - [TEST_STEP][PASSED] - setEncryptedText: Text ****** has been set on object 'Object Repository/Day3test2/Page_CURA Healthcare Service/input_password'

2018-07-26 15:07:58 - [MESSAGE][PASSED] - Text ****** has been set on object 'Object Repository/Day3test2/Page_CURA Healthcare Service/input_password'

2018-07-26 15:07:58 - [TEST_STEP][PASSED] - click: Object: 'Object Repository/Day3test2/Page_CURA Healthcare Service/button_Login' is clicked on

2018-07-26 15:07:59 - [MESSAGE][PASSED] - Object: 'Object Repository/Day3test2/Page_CURA Healthcare Service/button_Login' is clicked on

2018-07-26 15:07:59 - [TEST_STEP][PASSED] - closeBrowser: Browser is closed

2018-07-26 15:08:00 - [MESSAGE][PASSED] - Browser is closed]]></system-out>
         <system-err><![CDATA[]]></system-err>
      </testcase>
      <system-out><![CDATA[2018-07-26 15:07:31 - [TEST_SUITE][PASSED] - TESTsuite32: Test Cases/DAY3/Test32]]></system-out>
      <system-err><![CDATA[]]></system-err>
   </testsuite>
</testsuites>
