<?xml version="1.0" encoding="UTF-8"?>
<testsuites name="New Test Suite1" time="56" tests="2" failures="0" errors="0">
   <testsuite name="New Test Suite1" tests="2" failures="0" errors="0" time="56" timestamp="2018-07-24 17:58:27" hostname="slk - WSLK1FFTRFW-18" id="Test Suites/New Test Suite1">
      <properties>
         <property name="deviceName" value=""/>
         <property name="devicePlatform" value=""/>
         <property name="logFolder" value="C:\\Users\\slk.WSLK1FFTRFW-18.004\\Katalon Studio\\Demo_SLKM\\Reports\\New Test Suite1\\20180724_175825"/>
         <property name="logFiles" value="C:\\Users\\slk.WSLK1FFTRFW-18.004\\Katalon Studio\\Demo_SLKM\\Reports\\New Test Suite1\\20180724_175825\\execution0.log"/>
         <property name="attachments" value=""/>
         <property name="hostName" value="slk - WSLK1FFTRFW-18"/>
         <property name="os" value="Windows 7 64bit"/>
         <property name="katalonVersion" value="5.5.0.1"/>
         <property name="browser" value="Chrome 67.0.3396.99"/>
         <property name="hostAddress" value="10.10.10.27"/>
         <property name="sessionId" value="31bf09a1dc35e5f59a58cd61a1077859"/>
         <property name="seleniumVersion" value="3.7.1"/>
         <property name="proxyInformation" value="ProxyInformation{proxyOption=NO_PROXY, proxyServerType=HTTP, password=, proxyServerAddress=, proxyServerPort=0}"/>
         <property name="platform" value="Windows 7"/>
      </properties>
      <testcase name="Test Cases/Login/Test1" classname="Test Cases/Login/Test1" status="PASSED">
         <system-out><![CDATA[2018-07-24 17:58:27 - [TEST_CASE][PASSED] - Test Cases/Login/Test1: Test Cases/Login/Test1

2018-07-24 17:58:28 - [TEST_STEP][PASSED] - openBrowser: Browser is opened with url: ''

2018-07-24 17:58:53 - [MESSAGE][PASSED] - Browser is opened with url: ''

2018-07-24 17:58:53 - [TEST_STEP][PASSED] - navigateToUrl: Navigate to 'http://demoaut.katalon.com/' successfully

2018-07-24 17:58:54 - [MESSAGE][PASSED] - Navigate to 'http://demoaut.katalon.com/' successfully

2018-07-24 17:58:54 - [TEST_STEP][PASSED] - click: Object: 'Object Repository/LoginObjects/Page_CURA Healthcare Service/a_Make Appointment' is clicked on

2018-07-24 17:58:55 - [MESSAGE][PASSED] - Object: 'Object Repository/LoginObjects/Page_CURA Healthcare Service/a_Make Appointment' is clicked on

2018-07-24 17:58:55 - [TEST_STEP][PASSED] - setText: Text 'John Doe' is set on object 'Object Repository/LoginObjects/Page_CURA Healthcare Service/input_username'

2018-07-24 17:58:55 - [MESSAGE][PASSED] - Text 'John Doe' is set on object 'Object Repository/LoginObjects/Page_CURA Healthcare Service/input_username'

2018-07-24 17:58:55 - [TEST_STEP][PASSED] - setEncryptedText: Text ****** has been set on object 'Object Repository/LoginObjects/Page_CURA Healthcare Service/input_password'

2018-07-24 17:58:55 - [MESSAGE][PASSED] - Text ****** has been set on object 'Object Repository/LoginObjects/Page_CURA Healthcare Service/input_password'

2018-07-24 17:58:55 - [TEST_STEP][PASSED] - click: Object: 'Object Repository/LoginObjects/Page_CURA Healthcare Service/button_Login' is clicked on

2018-07-24 17:58:56 - [MESSAGE][PASSED] - Object: 'Object Repository/LoginObjects/Page_CURA Healthcare Service/button_Login' is clicked on]]></system-out>
         <system-err><![CDATA[]]></system-err>
      </testcase>
      <testcase name="Test Cases/Login/Test2" classname="Test Cases/Login/Test2" status="PASSED">
         <system-out><![CDATA[2018-07-24 17:58:56 - [TEST_CASE][PASSED] - Test Cases/Login/Test2: Test Cases/Login/Test2

2018-07-24 17:58:56 - [TEST_STEP][PASSED] - openBrowser: Browser is opened with url: ''

2018-07-24 17:58:56 - [MESSAGE][WARNING] - A browser is already opened. Closing browser and opening a new one

2018-07-24 17:59:20 - [MESSAGE][PASSED] - Browser is opened with url: ''

2018-07-24 17:59:20 - [TEST_STEP][PASSED] - navigateToUrl: Navigate to 'http://demoaut.katalon.com/' successfully

2018-07-24 17:59:21 - [MESSAGE][PASSED] - Navigate to 'http://demoaut.katalon.com/' successfully

2018-07-24 17:59:21 - [TEST_STEP][PASSED] - click: Object: 'Object Repository/Test2/Page_CURA Healthcare Service/a_Make Appointment' is clicked on

2018-07-24 17:59:21 - [MESSAGE][PASSED] - Object: 'Object Repository/Test2/Page_CURA Healthcare Service/a_Make Appointment' is clicked on

2018-07-24 17:59:21 - [TEST_STEP][PASSED] - setText: Text 'ThisIsNotAPassword' is set on object 'Object Repository/Test2/Page_CURA Healthcare Service/input_password'

2018-07-24 17:59:21 - [MESSAGE][PASSED] - Text 'ThisIsNotAPassword' is set on object 'Object Repository/Test2/Page_CURA Healthcare Service/input_password'

2018-07-24 17:59:21 - [TEST_STEP][PASSED] - setText: Text 'John Doe' is set on object 'Object Repository/Test2/Page_CURA Healthcare Service/input_username'

2018-07-24 17:59:22 - [MESSAGE][PASSED] - Text 'John Doe' is set on object 'Object Repository/Test2/Page_CURA Healthcare Service/input_username'

2018-07-24 17:59:22 - [TEST_STEP][PASSED] - click: Object: 'Object Repository/Test2/Page_CURA Healthcare Service/button_Login' is clicked on

2018-07-24 17:59:23 - [MESSAGE][PASSED] - Object: 'Object Repository/Test2/Page_CURA Healthcare Service/button_Login' is clicked on

2018-07-24 17:59:23 - [TEST_STEP][PASSED] - closeBrowser: Browser is closed

2018-07-24 17:59:23 - [MESSAGE][PASSED] - Browser is closed]]></system-out>
         <system-err><![CDATA[]]></system-err>
      </testcase>
      <system-out><![CDATA[2018-07-24 17:58:27 - [TEST_SUITE][PASSED] - New Test Suite1: Test Cases/Login/Test2]]></system-out>
      <system-err><![CDATA[]]></system-err>
   </testsuite>
</testsuites>
