<?xml version="1.0" encoding="UTF-8"?>
<testsuites name="New Test Suiteday2" time="36" tests="1" failures="0" errors="0">
   <testsuite name="New Test Suiteday2" tests="1" failures="0" errors="0" time="36" timestamp="2018-07-25 11:02:03" hostname="slk - WSLK1FFTRFW-18" id="Test Suites/DAY2/New Test Suiteday2">
      <properties>
         <property name="deviceName" value=""/>
         <property name="devicePlatform" value=""/>
         <property name="logFolder" value="C:\\Users\\slk.WSLK1FFTRFW-18.004\\Katalon Studio\\Demo_SLKM\\Reports\\DAY2\\New Test Suiteday2\\20180725_110120"/>
         <property name="logFiles" value="C:\\Users\\slk.WSLK1FFTRFW-18.004\\Katalon Studio\\Demo_SLKM\\Reports\\DAY2\\New Test Suiteday2\\20180725_110120\\execution0.log"/>
         <property name="attachments" value=""/>
         <property name="hostName" value="slk - WSLK1FFTRFW-18"/>
         <property name="os" value="Windows 7 64bit"/>
         <property name="katalonVersion" value="5.5.0.1"/>
         <property name="browser" value="Firefox 51.0"/>
         <property name="hostAddress" value="10.10.10.27"/>
         <property name="sessionId" value="f55d684b-d1c8-402b-8f23-bd2aef270854"/>
         <property name="seleniumVersion" value="3.7.1"/>
         <property name="proxyInformation" value="ProxyInformation{proxyOption=NO_PROXY, proxyServerType=HTTP, password=, proxyServerAddress=, proxyServerPort=0}"/>
         <property name="platform" value="Windows 7"/>
      </properties>
      <testcase name="Test Cases/Day2/Test2" classname="Test Cases/Day2/Test2" status="PASSED">
         <system-out><![CDATA[2018-07-25 11:02:03 - [TEST_CASE][PASSED] - Test Cases/Day2/Test2: Test Cases/Day2/Test2

2018-07-25 11:02:03 - [TEST_STEP][PASSED] - openBrowser: Browser is opened with url: ''

2018-07-25 11:02:33 - [MESSAGE][PASSED] - Browser is opened with url: ''

2018-07-25 11:02:33 - [TEST_STEP][PASSED] - navigateToUrl: Navigate to 'https://opensource-demo.orangehrmlive.com/' successfully

2018-07-25 11:02:37 - [MESSAGE][PASSED] - Navigate to 'https://opensource-demo.orangehrmlive.com/' successfully

2018-07-25 11:02:37 - [TEST_STEP][PASSED] - click: Object: 'Object Repository/Day2test2/Page_OrangeHRM/span_Username' is clicked on

2018-07-25 11:02:37 - [MESSAGE][PASSED] - Object: 'Object Repository/Day2test2/Page_OrangeHRM/span_Username' is clicked on

2018-07-25 11:02:37 - [TEST_STEP][PASSED] - setText: Text 'Adminregr' is set on object 'Object Repository/Day2test2/Page_OrangeHRM/input_txtUsername'

2018-07-25 11:02:37 - [MESSAGE][PASSED] - Text 'Adminregr' is set on object 'Object Repository/Day2test2/Page_OrangeHRM/input_txtUsername'

2018-07-25 11:02:37 - [TEST_STEP][PASSED] - setText: Text 'admin123' is set on object 'Object Repository/Day2test2/Page_OrangeHRM/input_txtPassword'

2018-07-25 11:02:37 - [MESSAGE][PASSED] - Text 'admin123' is set on object 'Object Repository/Day2test2/Page_OrangeHRM/input_txtPassword'

2018-07-25 11:02:37 - [TEST_STEP][PASSED] - click: Object: 'Object Repository/Day2test2/Page_OrangeHRM/input_Submit' is clicked on

2018-07-25 11:02:39 - [MESSAGE][PASSED] - Object: 'Object Repository/Day2test2/Page_OrangeHRM/input_Submit' is clicked on

2018-07-25 11:02:39 - [TEST_STEP][PASSED] - closeBrowser: Browser is closed

2018-07-25 11:02:39 - [MESSAGE][PASSED] - Browser is closed]]></system-out>
         <system-err><![CDATA[]]></system-err>
      </testcase>
      <system-out><![CDATA[2018-07-25 11:02:03 - [TEST_SUITE][PASSED] - New Test Suiteday2: Test Cases/Day2/Test2]]></system-out>
      <system-err><![CDATA[]]></system-err>
   </testsuite>
</testsuites>
